2024-09-19 14:59:51,425 [Worker-2] WARN  o.e.m.c.internal.embedder.MavenImpl - Failed to decrypt password for server internal: org.sonatype.plexus.components.sec.dispatcher.SecDispatcherException: java.io.FileNotFoundException: C:\Users\Admin\.m2\settings-security.xml (The system cannot find the file specified)
org.sonatype.plexus.components.sec.dispatcher.SecDispatcherException: org.sonatype.plexus.components.sec.dispatcher.SecDispatcherException: java.io.FileNotFoundException: C:\Users\Admin\.m2\settings-security.xml (The system cannot find the file specified)
	at org.sonatype.plexus.components.sec.dispatcher.DefaultSecDispatcher.decrypt(DefaultSecDispatcher.java:121) ~[plexus-sec-dispatcher-1.3.jar:na]
	at org.apache.maven.settings.crypto.DefaultSettingsDecrypter.decrypt(DefaultSettingsDecrypter.java:107) ~[maven-settings-builder-3.3.9.jar:3.3.9]
	at org.apache.maven.settings.crypto.DefaultSettingsDecrypter.decrypt(DefaultSettingsDecrypter.java:63) ~[maven-settings-builder-3.3.9.jar:3.3.9]
	at org.eclipse.m2e.core.internal.embedder.MavenImpl.decryptPassword(MavenImpl.java:547) ~[org.eclipse.m2e.core_1.7.0.20160603-1933.jar:na]
	at org.eclipse.m2e.core.internal.repository.RepositoryRegistry.getAuthenticationInfo(RepositoryRegistry.java:214) [org.eclipse.m2e.core_1.7.0.20160603-1933.jar:na]
	at org.eclipse.m2e.core.internal.repository.RepositoryRegistry.updateRegistry(RepositoryRegistry.java:245) [org.eclipse.m2e.core_1.7.0.20160603-1933.jar:na]
	at org.eclipse.m2e.core.internal.repository.RepositoryRegistryUpdateJob.run(RepositoryRegistryUpdateJob.java:47) [org.eclipse.m2e.core_1.7.0.20160603-1933.jar:na]
	at org.eclipse.core.internal.jobs.Worker.run(Worker.java:55) [org.eclipse.core.jobs_3.8.0.v20160509-0411.jar:na]
Caused by: org.sonatype.plexus.components.sec.dispatcher.SecDispatcherException: java.io.FileNotFoundException: C:\Users\Admin\.m2\settings-security.xml (The system cannot find the file specified)
	at org.sonatype.plexus.components.sec.dispatcher.SecUtil.read(SecUtil.java:69) ~[plexus-sec-dispatcher-1.3.jar:na]
	at org.sonatype.plexus.components.sec.dispatcher.DefaultSecDispatcher.getSec(DefaultSecDispatcher.java:206) ~[plexus-sec-dispatcher-1.3.jar:na]
	at org.sonatype.plexus.components.sec.dispatcher.DefaultSecDispatcher.decrypt(DefaultSecDispatcher.java:90) ~[plexus-sec-dispatcher-1.3.jar:na]
	... 7 common frames omitted
Caused by: java.io.FileNotFoundException: C:\Users\Admin\.m2\settings-security.xml (The system cannot find the file specified)
	at java.io.FileInputStream.open0(Native Method) ~[na:1.8.0_181]
	at java.io.FileInputStream.open(Unknown Source) ~[na:1.8.0_181]
	at java.io.FileInputStream.<init>(Unknown Source) ~[na:1.8.0_181]
	at org.sonatype.plexus.components.sec.dispatcher.SecUtil.toStream(SecUtil.java:100) ~[plexus-sec-dispatcher-1.3.jar:na]
	at org.sonatype.plexus.components.sec.dispatcher.SecUtil.read(SecUtil.java:56) ~[plexus-sec-dispatcher-1.3.jar:na]
	... 9 common frames omitted
2024-09-19 14:59:55,213 [ModalContext] INFO  o.e.m.c.i.e.AbstractTransferListenerAdapter - Downloading http://ciserver.mobinets.local:9080/repository/internal/org/apache/maven/archetypes/maven-archetype-quickstart/1.1/maven-archetype-quickstart-1.1.jar
2024-09-19 14:59:55,492 [ModalContext] INFO  o.e.m.c.i.e.AbstractTransferListenerAdapter - Downloaded http://ciserver.mobinets.local:9080/repository/internal/org/apache/maven/archetypes/maven-archetype-quickstart/1.1/maven-archetype-quickstart-1.1.jar
2024-09-19 14:59:55,729 [ModalContext] INFO  o.e.m.c.i.e.AbstractTransferListenerAdapter - Downloading http://ciserver.mobinets.local:9080/repository/internal/org/apache/maven/archetypes/maven-archetype-quickstart/1.1/maven-archetype-quickstart-1.1.pom
2024-09-19 14:59:55,968 [ModalContext] INFO  o.e.m.c.i.e.AbstractTransferListenerAdapter - Downloaded http://ciserver.mobinets.local:9080/repository/internal/org/apache/maven/archetypes/maven-archetype-quickstart/1.1/maven-archetype-quickstart-1.1.pom
2024-09-19 15:00:13,707 [Worker-9] INFO  o.e.m.c.i.p.ProjectConfigurationManager - Collecting project info '/pom.xml' C:\Users\Admin\Desktop\CricketCarInfo\circket\pom.xml
2024-09-19 15:00:14,394 [Worker-9] INFO  o.e.m.c.i.e.AbstractTransferListenerAdapter - Downloading http://ciserver.mobinets.local:9080/repository/internal/org/apache/maven/plugins/maven-compiler-plugin/3.1/maven-compiler-plugin-3.1.jar
2024-09-19 15:00:15,211 [Worker-9] INFO  o.e.m.c.i.e.AbstractTransferListenerAdapter - Downloaded http://ciserver.mobinets.local:9080/repository/internal/org/apache/maven/plugins/maven-compiler-plugin/3.1/maven-compiler-plugin-3.1.jar
2024-09-19 15:00:15,716 [Worker-9] INFO  o.e.m.c.i.e.AbstractTransferListenerAdapter - Downloading http://ciserver.mobinets.local:9080/repository/internal/org/apache/maven/plugins/maven-compiler-plugin/3.1/maven-compiler-plugin-3.1.pom
2024-09-19 15:00:15,955 [Worker-9] INFO  o.e.m.c.i.e.AbstractTransferListenerAdapter - Downloaded http://ciserver.mobinets.local:9080/repository/internal/org/apache/maven/plugins/maven-compiler-plugin/3.1/maven-compiler-plugin-3.1.pom
2024-09-19 15:00:16,201 [Worker-9] INFO  o.e.m.c.i.e.AbstractTransferListenerAdapter - Downloading http://ciserver.mobinets.local:9080/repository/internal/org/apache/maven/plugins/maven-plugins/24/maven-plugins-24.pom
2024-09-19 15:00:16,444 [Worker-9] INFO  o.e.m.c.i.e.AbstractTransferListenerAdapter - Downloaded http://ciserver.mobinets.local:9080/repository/internal/org/apache/maven/plugins/maven-plugins/24/maven-plugins-24.pom
2024-09-19 15:00:17,013 [Worker-9] INFO  o.e.m.c.i.e.AbstractTransferListenerAdapter - Downloading http://ciserver.mobinets.local:9080/repository/internal/org/codehaus/plexus/plexus-utils/1.5.1/plexus-utils-1.5.1.pom
2024-09-19 15:00:17,256 [Worker-9] INFO  o.e.m.c.i.e.AbstractTransferListenerAdapter - Downloaded http://ciserver.mobinets.local:9080/repository/internal/org/codehaus/plexus/plexus-utils/1.5.1/plexus-utils-1.5.1.pom
2024-09-19 15:00:17,618 [Worker-9] INFO  o.e.m.c.i.e.AbstractTransferListenerAdapter - Downloading http://ciserver.mobinets.local:9080/repository/internal/org/apache/maven/maven-toolchain/1.0/maven-toolchain-1.0.pom
2024-09-19 15:00:17,862 [Worker-9] INFO  o.e.m.c.i.e.AbstractTransferListenerAdapter - Downloaded http://ciserver.mobinets.local:9080/repository/internal/org/apache/maven/maven-toolchain/1.0/maven-toolchain-1.0.pom
2024-09-19 15:00:18,289 [Worker-9] INFO  o.e.m.c.i.e.AbstractTransferListenerAdapter - Downloading http://ciserver.mobinets.local:9080/repository/internal/org/codehaus/plexus/plexus-compiler-api/2.2/plexus-compiler-api-2.2.pom
2024-09-19 15:00:18,534 [Worker-9] INFO  o.e.m.c.i.e.AbstractTransferListenerAdapter - Downloaded http://ciserver.mobinets.local:9080/repository/internal/org/codehaus/plexus/plexus-compiler-api/2.2/plexus-compiler-api-2.2.pom
2024-09-19 15:00:18,759 [Worker-9] INFO  o.e.m.c.i.e.AbstractTransferListenerAdapter - Downloading http://ciserver.mobinets.local:9080/repository/internal/org/codehaus/plexus/plexus-compiler/2.2/plexus-compiler-2.2.pom
2024-09-19 15:00:19,003 [Worker-9] INFO  o.e.m.c.i.e.AbstractTransferListenerAdapter - Downloaded http://ciserver.mobinets.local:9080/repository/internal/org/codehaus/plexus/plexus-compiler/2.2/plexus-compiler-2.2.pom
2024-09-19 15:00:19,873 [Worker-9] INFO  o.e.m.c.i.e.AbstractTransferListenerAdapter - Downloading http://ciserver.mobinets.local:9080/repository/internal/org/codehaus/plexus/plexus-compiler-manager/2.2/plexus-compiler-manager-2.2.pom
2024-09-19 15:00:20,118 [Worker-9] INFO  o.e.m.c.i.e.AbstractTransferListenerAdapter - Downloaded http://ciserver.mobinets.local:9080/repository/internal/org/codehaus/plexus/plexus-compiler-manager/2.2/plexus-compiler-manager-2.2.pom
2024-09-19 15:00:20,359 [Worker-9] INFO  o.e.m.c.i.e.AbstractTransferListenerAdapter - Downloading http://ciserver.mobinets.local:9080/repository/internal/org/codehaus/plexus/plexus-compiler-javac/2.2/plexus-compiler-javac-2.2.pom
2024-09-19 15:00:20,655 [Worker-9] INFO  o.e.m.c.i.e.AbstractTransferListenerAdapter - Downloaded http://ciserver.mobinets.local:9080/repository/internal/org/codehaus/plexus/plexus-compiler-javac/2.2/plexus-compiler-javac-2.2.pom
2024-09-19 15:00:20,872 [Worker-9] INFO  o.e.m.c.i.e.AbstractTransferListenerAdapter - Downloading http://ciserver.mobinets.local:9080/repository/internal/org/codehaus/plexus/plexus-compilers/2.2/plexus-compilers-2.2.pom
2024-09-19 15:00:21,141 [Worker-9] INFO  o.e.m.c.i.e.AbstractTransferListenerAdapter - Downloaded http://ciserver.mobinets.local:9080/repository/internal/org/codehaus/plexus/plexus-compilers/2.2/plexus-compilers-2.2.pom
2024-09-19 15:00:21,367 [Worker-9] INFO  o.e.m.c.i.e.AbstractTransferListenerAdapter - Downloading http://ciserver.mobinets.local:9080/repository/internal/org/codehaus/plexus/plexus-container-default/1.5.5/plexus-container-default-1.5.5.pom
2024-09-19 15:00:21,624 [Worker-9] INFO  o.e.m.c.i.e.AbstractTransferListenerAdapter - Downloaded http://ciserver.mobinets.local:9080/repository/internal/org/codehaus/plexus/plexus-container-default/1.5.5/plexus-container-default-1.5.5.pom
2024-09-19 15:00:21,867 [Worker-9] INFO  o.e.m.c.i.e.AbstractTransferListenerAdapter - Downloading http://ciserver.mobinets.local:9080/repository/internal/org/codehaus/plexus/plexus-classworlds/2.2.2/plexus-classworlds-2.2.2.pom
2024-09-19 15:00:22,097 [Worker-9] INFO  o.e.m.c.i.e.AbstractTransferListenerAdapter - Downloaded http://ciserver.mobinets.local:9080/repository/internal/org/codehaus/plexus/plexus-classworlds/2.2.2/plexus-classworlds-2.2.2.pom
2024-09-19 15:00:22,327 [Worker-9] INFO  o.e.m.c.i.e.AbstractTransferListenerAdapter - Downloading http://ciserver.mobinets.local:9080/repository/internal/org/apache/xbean/xbean-reflect/3.4/xbean-reflect-3.4.pom
2024-09-19 15:00:22,579 [Worker-9] INFO  o.e.m.c.i.e.AbstractTransferListenerAdapter - Downloaded http://ciserver.mobinets.local:9080/repository/internal/org/apache/xbean/xbean-reflect/3.4/xbean-reflect-3.4.pom
2024-09-19 15:00:22,835 [Worker-9] INFO  o.e.m.c.i.e.AbstractTransferListenerAdapter - Downloading http://ciserver.mobinets.local:9080/repository/internal/org/apache/xbean/xbean/3.4/xbean-3.4.pom
2024-09-19 15:00:23,281 [Worker-9] INFO  o.e.m.c.i.e.AbstractTransferListenerAdapter - Downloaded http://ciserver.mobinets.local:9080/repository/internal/org/apache/xbean/xbean/3.4/xbean-3.4.pom
2024-09-19 15:00:23,719 [Worker-9] INFO  o.e.m.c.i.e.AbstractTransferListenerAdapter - Downloading http://ciserver.mobinets.local:9080/repository/internal/commons-logging/commons-logging-api/1.1/commons-logging-api-1.1.pom
2024-09-19 15:00:23,942 [Worker-9] INFO  o.e.m.c.i.e.AbstractTransferListenerAdapter - Downloaded http://ciserver.mobinets.local:9080/repository/internal/commons-logging/commons-logging-api/1.1/commons-logging-api-1.1.pom
2024-09-19 15:00:24,205 [Worker-9] INFO  o.e.m.c.i.e.AbstractTransferListenerAdapter - Downloading http://ciserver.mobinets.local:9080/repository/internal/junit/junit/3.8.2/junit-3.8.2.pom
2024-09-19 15:00:24,439 [Worker-9] INFO  o.e.m.c.i.e.AbstractTransferListenerAdapter - Downloaded http://ciserver.mobinets.local:9080/repository/internal/junit/junit/3.8.2/junit-3.8.2.pom
2024-09-19 15:00:24,671 [Worker-9] INFO  o.e.m.c.i.e.AbstractTransferListenerAdapter - Downloading http://ciserver.mobinets.local:9080/repository/internal/org/codehaus/plexus/plexus-utils/1.5.1/plexus-utils-1.5.1.jar
2024-09-19 15:00:26,050 [Worker-9] INFO  o.e.m.c.i.e.AbstractTransferListenerAdapter - Downloaded http://ciserver.mobinets.local:9080/repository/internal/org/codehaus/plexus/plexus-utils/1.5.1/plexus-utils-1.5.1.jar
2024-09-19 15:00:26,315 [Worker-9] INFO  o.e.m.c.i.e.AbstractTransferListenerAdapter - Downloading http://ciserver.mobinets.local:9080/repository/internal/org/apache/maven/maven-toolchain/1.0/maven-toolchain-1.0.jar
2024-09-19 15:00:26,568 [Worker-9] INFO  o.e.m.c.i.e.AbstractTransferListenerAdapter - Downloaded http://ciserver.mobinets.local:9080/repository/internal/org/apache/maven/maven-toolchain/1.0/maven-toolchain-1.0.jar
2024-09-19 15:00:26,854 [Worker-9] INFO  o.e.m.c.i.e.AbstractTransferListenerAdapter - Downloading http://ciserver.mobinets.local:9080/repository/internal/org/apache/maven/shared/maven-shared-utils/0.1/maven-shared-utils-0.1.jar
2024-09-19 15:00:27,586 [Worker-9] INFO  o.e.m.c.i.e.AbstractTransferListenerAdapter - Downloaded http://ciserver.mobinets.local:9080/repository/internal/org/apache/maven/shared/maven-shared-utils/0.1/maven-shared-utils-0.1.jar
2024-09-19 15:00:27,798 [Worker-9] INFO  o.e.m.c.i.e.AbstractTransferListenerAdapter - Downloading http://ciserver.mobinets.local:9080/repository/internal/org/codehaus/plexus/plexus-compiler-api/2.2/plexus-compiler-api-2.2.jar
2024-09-19 15:00:28,133 [Worker-9] INFO  o.e.m.c.i.e.AbstractTransferListenerAdapter - Downloaded http://ciserver.mobinets.local:9080/repository/internal/org/codehaus/plexus/plexus-compiler-api/2.2/plexus-compiler-api-2.2.jar
2024-09-19 15:00:28,371 [Worker-9] INFO  o.e.m.c.i.e.AbstractTransferListenerAdapter - Downloading http://ciserver.mobinets.local:9080/repository/internal/org/codehaus/plexus/plexus-compiler-manager/2.2/plexus-compiler-manager-2.2.jar
2024-09-19 15:00:28,640 [Worker-9] INFO  o.e.m.c.i.e.AbstractTransferListenerAdapter - Downloaded http://ciserver.mobinets.local:9080/repository/internal/org/codehaus/plexus/plexus-compiler-manager/2.2/plexus-compiler-manager-2.2.jar
2024-09-19 15:00:28,874 [Worker-9] INFO  o.e.m.c.i.e.AbstractTransferListenerAdapter - Downloading http://ciserver.mobinets.local:9080/repository/internal/org/codehaus/plexus/plexus-compiler-javac/2.2/plexus-compiler-javac-2.2.jar
2024-09-19 15:00:29,197 [Worker-9] INFO  o.e.m.c.i.e.AbstractTransferListenerAdapter - Downloaded http://ciserver.mobinets.local:9080/repository/internal/org/codehaus/plexus/plexus-compiler-javac/2.2/plexus-compiler-javac-2.2.jar
2024-09-19 15:00:29,421 [Worker-9] INFO  o.e.m.c.i.e.AbstractTransferListenerAdapter - Downloading http://ciserver.mobinets.local:9080/repository/internal/org/codehaus/plexus/plexus-container-default/1.5.5/plexus-container-default-1.5.5.jar
2024-09-19 15:00:30,396 [Worker-9] INFO  o.e.m.c.i.e.AbstractTransferListenerAdapter - Downloaded http://ciserver.mobinets.local:9080/repository/internal/org/codehaus/plexus/plexus-container-default/1.5.5/plexus-container-default-1.5.5.jar
2024-09-19 15:00:30,619 [Worker-9] INFO  o.e.m.c.i.e.AbstractTransferListenerAdapter - Downloading http://ciserver.mobinets.local:9080/repository/internal/org/codehaus/plexus/plexus-classworlds/2.2.2/plexus-classworlds-2.2.2.jar
2024-09-19 15:00:31,032 [Worker-9] INFO  o.e.m.c.i.e.AbstractTransferListenerAdapter - Downloaded http://ciserver.mobinets.local:9080/repository/internal/org/codehaus/plexus/plexus-classworlds/2.2.2/plexus-classworlds-2.2.2.jar
2024-09-19 15:00:31,250 [Worker-9] INFO  o.e.m.c.i.e.AbstractTransferListenerAdapter - Downloading http://ciserver.mobinets.local:9080/repository/internal/org/apache/xbean/xbean-reflect/3.4/xbean-reflect-3.4.jar
2024-09-19 15:00:32,198 [Worker-9] INFO  o.e.m.c.i.e.AbstractTransferListenerAdapter - Downloaded http://ciserver.mobinets.local:9080/repository/internal/org/apache/xbean/xbean-reflect/3.4/xbean-reflect-3.4.jar
2024-09-19 15:00:32,425 [Worker-9] INFO  o.e.m.c.i.e.AbstractTransferListenerAdapter - Downloading http://ciserver.mobinets.local:9080/repository/internal/log4j/log4j/1.2.12/log4j-1.2.12.jar
2024-09-19 15:00:33,970 [Worker-9] INFO  o.e.m.c.i.e.AbstractTransferListenerAdapter - Downloaded http://ciserver.mobinets.local:9080/repository/internal/log4j/log4j/1.2.12/log4j-1.2.12.jar
2024-09-19 15:00:34,192 [Worker-9] INFO  o.e.m.c.i.e.AbstractTransferListenerAdapter - Downloading http://ciserver.mobinets.local:9080/repository/internal/commons-logging/commons-logging-api/1.1/commons-logging-api-1.1.jar
2024-09-19 15:00:34,572 [Worker-9] INFO  o.e.m.c.i.e.AbstractTransferListenerAdapter - Downloaded http://ciserver.mobinets.local:9080/repository/internal/commons-logging/commons-logging-api/1.1/commons-logging-api-1.1.jar
2024-09-19 15:00:34,817 [Worker-9] INFO  o.e.m.c.i.e.AbstractTransferListenerAdapter - Downloading http://ciserver.mobinets.local:9080/repository/internal/junit/junit/3.8.2/junit-3.8.2.jar
2024-09-19 15:00:35,436 [Worker-9] INFO  o.e.m.c.i.e.AbstractTransferListenerAdapter - Downloaded http://ciserver.mobinets.local:9080/repository/internal/junit/junit/3.8.2/junit-3.8.2.jar
2024-09-19 15:00:36,823 [Worker-9] INFO  o.e.m.c.i.l.LifecycleMappingFactory - Using org.eclipse.m2e.jdt.JarLifecycleMapping lifecycle mapping for MavenProject: carInfo:circket:0.0.1-SNAPSHOT @ C:\Users\Admin\Desktop\CricketCarInfo\circket\pom.xml.
2024-09-19 15:00:37,287 [Worker-9] INFO  o.e.m.j.i.AbstractJavaProjectConfigurator - Adding source folder /circket/src/main/java
2024-09-19 15:00:37,291 [Worker-9] INFO  o.e.m.j.i.AbstractJavaProjectConfigurator - Adding source folder /circket/src/test/java
2024-09-19 15:00:37,747 [Worker-9] INFO  o.e.m.c.i.p.ProjectConfigurationManager - Imported and configured 1 project(s) in 24 sec
2024-09-19 15:00:38,216 [Worker-1] INFO  o.e.m.c.i.embedder.EclipseLogger - Using 'UTF-8' encoding to copy filtered resources.
2024-09-19 15:00:38,216 [Worker-1] INFO  o.e.m.c.i.embedder.EclipseLogger - skip non existing resourceDirectory C:\Users\Admin\Desktop\CricketCarInfo\circket\src\main\resources
2024-09-19 15:00:38,219 [Worker-1] INFO  o.e.m.c.i.embedder.EclipseLogger - Using 'UTF-8' encoding to copy filtered resources.
2024-09-19 15:00:38,219 [Worker-1] INFO  o.e.m.c.i.embedder.EclipseLogger - skip non existing resourceDirectory C:\Users\Admin\Desktop\CricketCarInfo\circket\src\test\resources
2024-09-19 15:01:17,003 [Worker-0] INFO  o.e.m.c.i.embedder.EclipseLogger - Using 'UTF-8' encoding to copy filtered resources.
2024-09-19 15:01:17,003 [Worker-0] INFO  o.e.m.c.i.embedder.EclipseLogger - skip non existing resourceDirectory C:\Users\Admin\Desktop\CricketCarInfo\circket\src\main\resources
2024-09-19 15:01:17,004 [Worker-0] INFO  o.e.m.c.i.embedder.EclipseLogger - Using 'UTF-8' encoding to copy filtered resources.
2024-09-19 15:01:17,004 [Worker-0] INFO  o.e.m.c.i.embedder.EclipseLogger - skip non existing resourceDirectory C:\Users\Admin\Desktop\CricketCarInfo\circket\src\test\resources
2024-09-19 15:01:28,543 [Worker-7] INFO  o.e.m.c.i.embedder.EclipseLogger - Using 'UTF-8' encoding to copy filtered resources.
2024-09-19 15:01:28,544 [Worker-7] INFO  o.e.m.c.i.embedder.EclipseLogger - skip non existing resourceDirectory C:\Users\Admin\Desktop\CricketCarInfo\circket\src\main\resources
2024-09-19 15:01:28,545 [Worker-7] INFO  o.e.m.c.i.embedder.EclipseLogger - Using 'UTF-8' encoding to copy filtered resources.
2024-09-19 15:01:28,545 [Worker-7] INFO  o.e.m.c.i.embedder.EclipseLogger - skip non existing resourceDirectory C:\Users\Admin\Desktop\CricketCarInfo\circket\src\test\resources
2024-09-19 15:01:48,556 [Worker-6] INFO  o.e.m.c.i.embedder.EclipseLogger - Using 'UTF-8' encoding to copy filtered resources.
2024-09-19 15:01:48,556 [Worker-6] INFO  o.e.m.c.i.embedder.EclipseLogger - skip non existing resourceDirectory C:\Users\Admin\Desktop\CricketCarInfo\circket\src\main\resources
2024-09-19 15:01:48,558 [Worker-6] INFO  o.e.m.c.i.embedder.EclipseLogger - Using 'UTF-8' encoding to copy filtered resources.
2024-09-19 15:01:48,558 [Worker-6] INFO  o.e.m.c.i.embedder.EclipseLogger - skip non existing resourceDirectory C:\Users\Admin\Desktop\CricketCarInfo\circket\src\test\resources
2024-09-19 15:02:07,609 [Worker-7] INFO  o.e.m.c.i.embedder.EclipseLogger - Using 'UTF-8' encoding to copy filtered resources.
2024-09-19 15:02:07,609 [Worker-7] INFO  o.e.m.c.i.embedder.EclipseLogger - skip non existing resourceDirectory C:\Users\Admin\Desktop\CricketCarInfo\circket\src\main\resources
2024-09-19 15:02:07,610 [Worker-7] INFO  o.e.m.c.i.embedder.EclipseLogger - Using 'UTF-8' encoding to copy filtered resources.
2024-09-19 15:02:07,610 [Worker-7] INFO  o.e.m.c.i.embedder.EclipseLogger - skip non existing resourceDirectory C:\Users\Admin\Desktop\CricketCarInfo\circket\src\test\resources
2024-09-19 15:03:12,081 [Worker-3] INFO  o.e.m.c.i.embedder.EclipseLogger - Using 'UTF-8' encoding to copy filtered resources.
2024-09-19 15:03:12,081 [Worker-3] INFO  o.e.m.c.i.embedder.EclipseLogger - skip non existing resourceDirectory C:\Users\Admin\Desktop\CricketCarInfo\circket\src\main\resources
2024-09-19 15:03:12,082 [Worker-3] INFO  o.e.m.c.i.embedder.EclipseLogger - Using 'UTF-8' encoding to copy filtered resources.
2024-09-19 15:03:12,082 [Worker-3] INFO  o.e.m.c.i.embedder.EclipseLogger - skip non existing resourceDirectory C:\Users\Admin\Desktop\CricketCarInfo\circket\src\test\resources
2024-09-19 15:04:18,715 [Worker-19] INFO  o.e.m.c.i.embedder.EclipseLogger - Using 'UTF-8' encoding to copy filtered resources.
2024-09-19 15:04:18,715 [Worker-19] INFO  o.e.m.c.i.embedder.EclipseLogger - skip non existing resourceDirectory C:\Users\Admin\Desktop\CricketCarInfo\circket\src\main\resources
2024-09-19 15:04:18,716 [Worker-19] INFO  o.e.m.c.i.embedder.EclipseLogger - Using 'UTF-8' encoding to copy filtered resources.
2024-09-19 15:04:18,716 [Worker-19] INFO  o.e.m.c.i.embedder.EclipseLogger - skip non existing resourceDirectory C:\Users\Admin\Desktop\CricketCarInfo\circket\src\test\resources
2024-09-19 15:04:45,176 [Worker-20] INFO  o.e.m.c.i.embedder.EclipseLogger - Using 'UTF-8' encoding to copy filtered resources.
2024-09-19 15:04:45,177 [Worker-20] INFO  o.e.m.c.i.embedder.EclipseLogger - skip non existing resourceDirectory C:\Users\Admin\Desktop\CricketCarInfo\circket\src\main\resources
2024-09-19 15:04:45,178 [Worker-20] INFO  o.e.m.c.i.embedder.EclipseLogger - Using 'UTF-8' encoding to copy filtered resources.
2024-09-19 15:04:45,178 [Worker-20] INFO  o.e.m.c.i.embedder.EclipseLogger - skip non existing resourceDirectory C:\Users\Admin\Desktop\CricketCarInfo\circket\src\test\resources
2024-09-19 15:05:10,878 [Worker-21] INFO  o.e.m.c.i.embedder.EclipseLogger - Using 'UTF-8' encoding to copy filtered resources.
2024-09-19 15:05:10,878 [Worker-21] INFO  o.e.m.c.i.embedder.EclipseLogger - skip non existing resourceDirectory C:\Users\Admin\Desktop\CricketCarInfo\circket\src\main\resources
2024-09-19 15:05:10,880 [Worker-21] INFO  o.e.m.c.i.embedder.EclipseLogger - Using 'UTF-8' encoding to copy filtered resources.
2024-09-19 15:05:10,880 [Worker-21] INFO  o.e.m.c.i.embedder.EclipseLogger - skip non existing resourceDirectory C:\Users\Admin\Desktop\CricketCarInfo\circket\src\test\resources
2024-09-19 15:06:19,446 [Worker-16] INFO  o.e.m.c.i.embedder.EclipseLogger - Using 'UTF-8' encoding to copy filtered resources.
2024-09-19 15:06:19,446 [Worker-16] INFO  o.e.m.c.i.embedder.EclipseLogger - skip non existing resourceDirectory C:\Users\Admin\Desktop\CricketCarInfo\circket\src\main\resources
2024-09-19 15:06:19,447 [Worker-16] INFO  o.e.m.c.i.embedder.EclipseLogger - Using 'UTF-8' encoding to copy filtered resources.
2024-09-19 15:06:19,447 [Worker-16] INFO  o.e.m.c.i.embedder.EclipseLogger - skip non existing resourceDirectory C:\Users\Admin\Desktop\CricketCarInfo\circket\src\test\resources
2024-09-19 15:06:26,153 [Worker-1] INFO  o.e.m.c.i.embedder.EclipseLogger - Using 'UTF-8' encoding to copy filtered resources.
2024-09-19 15:06:26,153 [Worker-1] INFO  o.e.m.c.i.embedder.EclipseLogger - skip non existing resourceDirectory C:\Users\Admin\Desktop\CricketCarInfo\circket\src\main\resources
2024-09-19 15:06:26,154 [Worker-1] INFO  o.e.m.c.i.embedder.EclipseLogger - Using 'UTF-8' encoding to copy filtered resources.
2024-09-19 15:06:26,154 [Worker-1] INFO  o.e.m.c.i.embedder.EclipseLogger - skip non existing resourceDirectory C:\Users\Admin\Desktop\CricketCarInfo\circket\src\test\resources
2024-09-19 15:06:59,673 [Worker-17] INFO  o.e.m.c.i.embedder.EclipseLogger - Using 'UTF-8' encoding to copy filtered resources.
2024-09-19 15:06:59,673 [Worker-17] INFO  o.e.m.c.i.embedder.EclipseLogger - skip non existing resourceDirectory C:\Users\Admin\Desktop\CricketCarInfo\circket\src\main\resources
2024-09-19 15:06:59,673 [Worker-17] INFO  o.e.m.c.i.embedder.EclipseLogger - Using 'UTF-8' encoding to copy filtered resources.
2024-09-19 15:06:59,673 [Worker-17] INFO  o.e.m.c.i.embedder.EclipseLogger - skip non existing resourceDirectory C:\Users\Admin\Desktop\CricketCarInfo\circket\src\test\resources
2024-09-19 15:07:03,863 [Worker-17] INFO  o.e.m.c.i.embedder.EclipseLogger - Using 'UTF-8' encoding to copy filtered resources.
2024-09-19 15:07:03,863 [Worker-17] INFO  o.e.m.c.i.embedder.EclipseLogger - skip non existing resourceDirectory C:\Users\Admin\Desktop\CricketCarInfo\circket\src\main\resources
2024-09-19 15:07:03,864 [Worker-17] INFO  o.e.m.c.i.embedder.EclipseLogger - Using 'UTF-8' encoding to copy filtered resources.
2024-09-19 15:07:03,864 [Worker-17] INFO  o.e.m.c.i.embedder.EclipseLogger - skip non existing resourceDirectory C:\Users\Admin\Desktop\CricketCarInfo\circket\src\test\resources
2024-09-19 15:07:16,438 [Worker-6] INFO  o.e.m.c.i.embedder.EclipseLogger - Using 'UTF-8' encoding to copy filtered resources.
2024-09-19 15:07:16,438 [Worker-6] INFO  o.e.m.c.i.embedder.EclipseLogger - skip non existing resourceDirectory C:\Users\Admin\Desktop\CricketCarInfo\circket\src\main\resources
2024-09-19 15:07:16,439 [Worker-6] INFO  o.e.m.c.i.embedder.EclipseLogger - Using 'UTF-8' encoding to copy filtered resources.
2024-09-19 15:07:16,439 [Worker-6] INFO  o.e.m.c.i.embedder.EclipseLogger - skip non existing resourceDirectory C:\Users\Admin\Desktop\CricketCarInfo\circket\src\test\resources
2024-09-19 15:07:23,533 [Worker-6] INFO  o.e.m.c.i.embedder.EclipseLogger - Using 'UTF-8' encoding to copy filtered resources.
2024-09-19 15:07:23,533 [Worker-6] INFO  o.e.m.c.i.embedder.EclipseLogger - skip non existing resourceDirectory C:\Users\Admin\Desktop\CricketCarInfo\circket\src\main\resources
2024-09-19 15:07:23,534 [Worker-6] INFO  o.e.m.c.i.embedder.EclipseLogger - Using 'UTF-8' encoding to copy filtered resources.
2024-09-19 15:07:23,534 [Worker-6] INFO  o.e.m.c.i.embedder.EclipseLogger - skip non existing resourceDirectory C:\Users\Admin\Desktop\CricketCarInfo\circket\src\test\resources
